build/app/intermediates/manifest_merge_blame_file/release/manifest-merger-blame-release-report.txt
1<?xml version="1.0" encoding="utf-8"?>
2<manifest xmlns:android="http://schemas.android.com/apk/res/android"
3    package="com.vernost.BounzAppUAT"
4    android:versionCode="50"
5    android:versionName="6.0.3" >
6
7    <uses-sdk
8        android:minSdkVersion="28"
8-->src/main/AndroidManifest.xml
9        android:targetSdkVersion="33" />
9-->src/main/AndroidManifest.xml
10 //"com.vernost.BounzApp"
11    <queries>
11-->src/main/AndroidManifest.xml:3:5-11:15
12        <package android:name="com.android.chrome" />
12-->src/main/AndroidManifest.xml:4:9-54
12-->src/main/AndroidManifest.xml:4:18-51
13        <package android:name="org.mozilla.firefox" />
13-->src/main/AndroidManifest.xml:5:9-55
13-->src/main/AndroidManifest.xml:5:18-52
14        <package android:name="com.opera.browser" />
14-->src/main/AndroidManifest.xml:6:9-53
14-->src/main/AndroidManifest.xml:6:18-50
15        <package android:name="com.opera.mini.native" />
15-->src/main/AndroidManifest.xml:7:9-57
15-->src/main/AndroidManifest.xml:7:18-54
16        <package android:name="com.microsoft.emmx" />
16-->src/main/AndroidManifest.xml:8:9-54
16-->src/main/AndroidManifest.xml:8:18-51
17        <package android:name="com.google.android.gm" />
17-->src/main/AndroidManifest.xml:9:9-57
17-->src/main/AndroidManifest.xml:9:18-54
18        <package android:name="com.google.android.apps.healthdata" />
18-->src/main/AndroidManifest.xml:10:9-70
18-->src/main/AndroidManifest.xml:10:18-67
19        <package android:name="com.facebook.katana" />
19-->[com.facebook.android:facebook-common:16.2.0] AndroidManifest.xml:18:9-55
19-->[com.facebook.android:facebook-common:16.2.0] AndroidManifest.xml:18:18-52
20    </queries>
21
22    <uses-permission android:name="android.permission.INTERNET" />
22-->src/main/AndroidManifest.xml:12:5-66
22-->src/main/AndroidManifest.xml:12:22-64
23    <uses-permission android:name="android.permission.ACTIVITY_RECOGNITION" />
23-->src/main/AndroidManifest.xml:13:5-78
23-->src/main/AndroidManifest.xml:13:22-76
24    <uses-permission android:name="android.permission.ACCESS_FINE_LOCATION" />
24-->src/main/AndroidManifest.xml:14:5-78
24-->src/main/AndroidManifest.xml:14:22-76
25    <uses-permission android:name="android.permission.ACCESS_COARSE_LOCATION" />
25-->src/main/AndroidManifest.xml:15:5-80
25-->src/main/AndroidManifest.xml:15:22-78
26    <uses-permission android:name="android.permission.CAMERA" />
26-->src/main/AndroidManifest.xml:16:5-64
26-->src/main/AndroidManifest.xml:16:22-62
27    <uses-permission android:name="android.permission.POST_NOTIFICATIONS" />
27-->src/main/AndroidManifest.xml:17:5-76
27-->src/main/AndroidManifest.xml:17:22-74
28    <uses-permission android:name="android.permission.health.READ_ACTIVE_CALORIES_BURNED" />
28-->src/main/AndroidManifest.xml:18:5-92
28-->src/main/AndroidManifest.xml:18:22-90
29    <uses-permission android:name="android.permission.health.WRITE_ACTIVE_CALORIES_BURNED" />
29-->src/main/AndroidManifest.xml:19:5-93
29-->src/main/AndroidManifest.xml:19:22-91
30    <uses-permission android:name="android.permission.health.READ_BASAL_BODY_TEMPERATURE" />
30-->src/main/AndroidManifest.xml:20:5-92
30-->src/main/AndroidManifest.xml:20:22-90
31    <uses-permission android:name="android.permission.health.WRITE_BASAL_BODY_TEMPERATURE" />
31-->src/main/AndroidManifest.xml:21:5-93
31-->src/main/AndroidManifest.xml:21:22-91
32    <uses-permission android:name="android.permission.health.READ_BASAL_METABOLIC_RATE" />
32-->src/main/AndroidManifest.xml:22:5-90
32-->src/main/AndroidManifest.xml:22:22-88
33    <uses-permission android:name="android.permission.health.WRITE_BASAL_METABOLIC_RATE" />
33-->src/main/AndroidManifest.xml:23:5-91
33-->src/main/AndroidManifest.xml:23:22-89
34    <uses-permission android:name="android.permission.health.READ_BLOOD_GLUCOSE" />
34-->src/main/AndroidManifest.xml:24:5-83
34-->src/main/AndroidManifest.xml:24:22-81
35    <uses-permission android:name="android.permission.health.WRITE_BLOOD_GLUCOSE" />
35-->src/main/AndroidManifest.xml:25:5-84
35-->src/main/AndroidManifest.xml:25:22-82
36    <uses-permission android:name="android.permission.health.READ_BLOOD_PRESSURE" />
36-->src/main/AndroidManifest.xml:26:5-84
36-->src/main/AndroidManifest.xml:26:22-82
37    <uses-permission android:name="android.permission.health.WRITE_BLOOD_PRESSURE" />
37-->src/main/AndroidManifest.xml:27:5-85
37-->src/main/AndroidManifest.xml:27:22-83
38    <uses-permission android:name="android.permission.health.READ_BODY_FAT" />
38-->src/main/AndroidManifest.xml:28:5-78
38-->src/main/AndroidManifest.xml:28:22-76
39    <uses-permission android:name="android.permission.health.WRITE_BODY_FAT" />
39-->src/main/AndroidManifest.xml:29:5-79
39-->src/main/AndroidManifest.xml:29:22-77
40    <uses-permission android:name="android.permission.health.READ_BODY_TEMPERATURE" />
40-->src/main/AndroidManifest.xml:30:5-86
40-->src/main/AndroidManifest.xml:30:22-84
41    <uses-permission android:name="android.permission.health.WRITE_BODY_TEMPERATURE" />
41-->src/main/AndroidManifest.xml:31:5-87
41-->src/main/AndroidManifest.xml:31:22-85
42    <uses-permission android:name="android.permission.health.READ_BONE_MASS" />
42-->src/main/AndroidManifest.xml:32:5-79
42-->src/main/AndroidManifest.xml:32:22-77
43    <uses-permission android:name="android.permission.health.WRITE_BONE_MASS" />
43-->src/main/AndroidManifest.xml:33:5-80
43-->src/main/AndroidManifest.xml:33:22-78
44    <uses-permission android:name="android.permission.health.READ_CERVICAL_MUCUS" />
44-->src/main/AndroidManifest.xml:34:5-84
44-->src/main/AndroidManifest.xml:34:22-82
45    <uses-permission android:name="android.permission.health.WRITE_CERVICAL_MUCUS" />
45-->src/main/AndroidManifest.xml:35:5-85
45-->src/main/AndroidManifest.xml:35:22-83
46    <uses-permission android:name="android.permission.health.READ_EXERCISE" />
46-->src/main/AndroidManifest.xml:36:5-78
46-->src/main/AndroidManifest.xml:36:22-76
47    <uses-permission android:name="android.permission.health.WRITE_EXERCISE" />
47-->src/main/AndroidManifest.xml:37:5-79
47-->src/main/AndroidManifest.xml:37:22-77
48    <uses-permission android:name="android.permission.health.READ_DISTANCE" />
48-->src/main/AndroidManifest.xml:38:5-78
48-->src/main/AndroidManifest.xml:38:22-76
49    <uses-permission android:name="android.permission.health.WRITE_DISTANCE" />
49-->src/main/AndroidManifest.xml:39:5-79
49-->src/main/AndroidManifest.xml:39:22-77
50    <uses-permission android:name="android.permission.health.READ_ELEVATION_GAINED" />
50-->src/main/AndroidManifest.xml:40:5-86
50-->src/main/AndroidManifest.xml:40:22-84
51    <uses-permission android:name="android.permission.health.WRITE_ELEVATION_GAINED" />
51-->src/main/AndroidManifest.xml:41:5-87
51-->src/main/AndroidManifest.xml:41:22-85
52    <uses-permission android:name="android.permission.health.READ_EXERCISE" />
52-->src/main/AndroidManifest.xml:36:5-78
52-->src/main/AndroidManifest.xml:36:22-76
53    <uses-permission android:name="android.permission.health.WRITE_EXERCISE" />
53-->src/main/AndroidManifest.xml:37:5-79
53-->src/main/AndroidManifest.xml:37:22-77
54    <uses-permission android:name="android.permission.health.READ_FLOORS_CLIMBED" />
54-->src/main/AndroidManifest.xml:44:5-84
54-->src/main/AndroidManifest.xml:44:22-82
55    <uses-permission android:name="android.permission.health.WRITE_FLOORS_CLIMBED" />
55-->src/main/AndroidManifest.xml:45:5-85
55-->src/main/AndroidManifest.xml:45:22-83
56    <uses-permission android:name="android.permission.health.READ_HEART_RATE" />
56-->src/main/AndroidManifest.xml:46:5-80
56-->src/main/AndroidManifest.xml:46:22-78
57    <uses-permission android:name="android.permission.health.WRITE_HEART_RATE" />
57-->src/main/AndroidManifest.xml:47:5-81
57-->src/main/AndroidManifest.xml:47:22-79
58    <uses-permission android:name="android.permission.health.READ_HEIGHT" />
58-->src/main/AndroidManifest.xml:48:5-76
58-->src/main/AndroidManifest.xml:48:22-74
59    <uses-permission android:name="android.permission.health.WRITE_HEIGHT" />
59-->src/main/AndroidManifest.xml:49:5-77
59-->src/main/AndroidManifest.xml:49:22-75
60    <uses-permission android:name="android.permission.health.READ_HYDRATION" />
60-->src/main/AndroidManifest.xml:50:5-79
60-->src/main/AndroidManifest.xml:50:22-77
61    <uses-permission android:name="android.permission.health.WRITE_HYDRATION" />
61-->src/main/AndroidManifest.xml:51:5-80
61-->src/main/AndroidManifest.xml:51:22-78
62    <uses-permission android:name="android.permission.health.READ_LEAN_BODY_MASS" />
62-->src/main/AndroidManifest.xml:52:5-84
62-->src/main/AndroidManifest.xml:52:22-82
63    <uses-permission android:name="android.permission.health.WRITE_LEAN_BODY_MASS" />
63-->src/main/AndroidManifest.xml:53:5-85
63-->src/main/AndroidManifest.xml:53:22-83
64    <uses-permission android:name="android.permission.health.READ_MENSTRUATION" />
64-->src/main/AndroidManifest.xml:54:5-82
64-->src/main/AndroidManifest.xml:54:22-80
65    <uses-permission android:name="android.permission.health.WRITE_MENSTRUATION" />
65-->src/main/AndroidManifest.xml:55:5-83
65-->src/main/AndroidManifest.xml:55:22-81
66    <uses-permission android:name="android.permission.health.READ_MENSTRUATION" />
66-->src/main/AndroidManifest.xml:54:5-82
66-->src/main/AndroidManifest.xml:54:22-80
67    <uses-permission android:name="android.permission.health.WRITE_MENSTRUATION" />
67-->src/main/AndroidManifest.xml:55:5-83
67-->src/main/AndroidManifest.xml:55:22-81
68    <uses-permission android:name="android.permission.health.READ_NUTRITION" />
68-->src/main/AndroidManifest.xml:58:5-79
68-->src/main/AndroidManifest.xml:58:22-77
69    <uses-permission android:name="android.permission.health.WRITE_NUTRITION" />
69-->src/main/AndroidManifest.xml:59:5-80
69-->src/main/AndroidManifest.xml:59:22-78
70    <uses-permission android:name="android.permission.health.READ_OVULATION_TEST" />
70-->src/main/AndroidManifest.xml:60:5-84
70-->src/main/AndroidManifest.xml:60:22-82
71    <uses-permission android:name="android.permission.health.WRITE_OVULATION_TEST" />
71-->src/main/AndroidManifest.xml:61:5-85
71-->src/main/AndroidManifest.xml:61:22-83
72    <uses-permission android:name="android.permission.health.READ_OXYGEN_SATURATION" />
72-->src/main/AndroidManifest.xml:62:5-87
72-->src/main/AndroidManifest.xml:62:22-85
73    <uses-permission android:name="android.permission.health.WRITE_OXYGEN_SATURATION" />
73-->src/main/AndroidManifest.xml:63:5-88
73-->src/main/AndroidManifest.xml:63:22-86
74    <uses-permission android:name="android.permission.health.READ_POWER" />
74-->src/main/AndroidManifest.xml:64:5-75
74-->src/main/AndroidManifest.xml:64:22-73
75    <uses-permission android:name="android.permission.health.WRITE_POWER" />
75-->src/main/AndroidManifest.xml:65:5-76
75-->src/main/AndroidManifest.xml:65:22-74
76    <uses-permission android:name="android.permission.health.READ_RESPIRATORY_RATE" />
76-->src/main/AndroidManifest.xml:66:5-86
76-->src/main/AndroidManifest.xml:66:22-84
77    <uses-permission android:name="android.permission.health.WRITE_RESPIRATORY_RATE" />
77-->src/main/AndroidManifest.xml:67:5-87
77-->src/main/AndroidManifest.xml:67:22-85
78    <uses-permission android:name="android.permission.health.READ_RESTING_HEART_RATE" />
78-->src/main/AndroidManifest.xml:68:5-88
78-->src/main/AndroidManifest.xml:68:22-86
79    <uses-permission android:name="android.permission.health.WRITE_RESTING_HEART_RATE" />
79-->src/main/AndroidManifest.xml:69:5-89
79-->src/main/AndroidManifest.xml:69:22-87
80    <uses-permission android:name="android.permission.health.READ_SEXUAL_ACTIVITY" />
80-->src/main/AndroidManifest.xml:70:5-85
80-->src/main/AndroidManifest.xml:70:22-83
81    <uses-permission android:name="android.permission.health.WRITE_SEXUAL_ACTIVITY" />
81-->src/main/AndroidManifest.xml:71:5-86
81-->src/main/AndroidManifest.xml:71:22-84
82    <uses-permission android:name="android.permission.health.READ_SLEEP" />
82-->src/main/AndroidManifest.xml:72:5-75
82-->src/main/AndroidManifest.xml:72:22-73
83    <uses-permission android:name="android.permission.health.WRITE_SLEEP" />
83-->src/main/AndroidManifest.xml:73:5-76
83-->src/main/AndroidManifest.xml:73:22-74
84    <uses-permission android:name="android.permission.health.READ_SLEEP" />
84-->src/main/AndroidManifest.xml:72:5-75
84-->src/main/AndroidManifest.xml:72:22-73
85    <uses-permission android:name="android.permission.health.WRITE_SLEEP" />
85-->src/main/AndroidManifest.xml:73:5-76
85-->src/main/AndroidManifest.xml:73:22-74
86    <uses-permission android:name="android.permission.health.READ_SPEED" />
86-->src/main/AndroidManifest.xml:76:5-75
86-->src/main/AndroidManifest.xml:76:22-73
87    <uses-permission android:name="android.permission.health.WRITE_SPEED" />
87-->src/main/AndroidManifest.xml:77:5-76
87-->src/main/AndroidManifest.xml:77:22-74
88    <uses-permission android:name="android.permission.health.READ_STEPS" />
88-->src/main/AndroidManifest.xml:78:5-75
88-->src/main/AndroidManifest.xml:78:22-73
89    <uses-permission android:name="android.permission.health.WRITE_STEPS" />
89-->src/main/AndroidManifest.xml:79:5-76
89-->src/main/AndroidManifest.xml:79:22-74
90    <uses-permission android:name="android.permission.health.READ_TOTAL_CALORIES_BURNED" />
90-->src/main/AndroidManifest.xml:80:5-91
90-->src/main/AndroidManifest.xml:80:22-89
91    <uses-permission android:name="android.permission.health.WRITE_TOTAL_CALORIES_BURNED" />
91-->src/main/AndroidManifest.xml:81:5-92
91-->src/main/AndroidManifest.xml:81:22-90
92    <uses-permission android:name="android.permission.health.READ_VO2_MAX" />
92-->src/main/AndroidManifest.xml:82:5-77
92-->src/main/AndroidManifest.xml:82:22-75
93    <uses-permission android:name="android.permission.health.WRITE_VO2_MAX" />
93-->src/main/AndroidManifest.xml:83:5-78
93-->src/main/AndroidManifest.xml:83:22-76
94    <uses-permission android:name="android.permission.health.READ_WEIGHT" />
94-->src/main/AndroidManifest.xml:84:5-76
94-->src/main/AndroidManifest.xml:84:22-74
95    <uses-permission android:name="android.permission.health.WRITE_WEIGHT" />
95-->src/main/AndroidManifest.xml:85:5-77
95-->src/main/AndroidManifest.xml:85:22-75
96    <uses-permission android:name="android.permission.health.READ_WHEELCHAIR_PUSHES" />
96-->src/main/AndroidManifest.xml:86:5-87
96-->src/main/AndroidManifest.xml:86:22-85
97    <uses-permission android:name="android.permission.health.WRITE_WHEELCHAIR_PUSHES" />
97-->src/main/AndroidManifest.xml:87:5-88
97-->src/main/AndroidManifest.xml:87:22-86
98
99    <queries>
99-->src/main/AndroidManifest.xml:3:5-11:15
100        <intent>
100-->src/main/AndroidManifest.xml:89:9-92:18
101            <action android:name="android.intent.action.VIEW" />
101-->src/main/AndroidManifest.xml:130:17-68
101-->src/main/AndroidManifest.xml:130:25-66
102
103            <data android:scheme="geo" />
103-->src/main/AndroidManifest.xml:133:17-47
103-->src/main/AndroidManifest.xml:133:23-44
104        </intent>
105    </queries>
106    <queries>
106-->src/main/AndroidManifest.xml:3:5-11:15
107        <intent>
107-->src/main/AndroidManifest.xml:95:9-98:18
108            <action android:name="android.intent.action.VIEW" />
108-->src/main/AndroidManifest.xml:130:17-68
108-->src/main/AndroidManifest.xml:130:25-66
109
110            <data android:scheme="tel" />
110-->src/main/AndroidManifest.xml:133:17-47
110-->src/main/AndroidManifest.xml:133:23-44
111        </intent>
112    </queries>
113
114    <uses-permission android:name="android.permission.WAKE_LOCK" />
114-->[:firebase_messaging] AndroidManifest.xml:10:5-68
114-->[:firebase_messaging] AndroidManifest.xml:10:22-65
115    <uses-permission android:name="android.permission.ACCESS_NETWORK_STATE" />
115-->[:firebase_messaging] AndroidManifest.xml:11:5-79
115-->[:firebase_messaging] AndroidManifest.xml:11:22-76
116    <uses-permission android:name="android.permission.FOREGROUND_SERVICE" /> <!-- Required by older versions of Google Play services to create IID tokens -->
116-->[:geolocator_android] AndroidManifest.xml:9:5-77
116-->[:geolocator_android] AndroidManifest.xml:9:22-74
117    <uses-permission android:name="com.google.android.c2dm.permission.RECEIVE" />
117-->[com.google.firebase:firebase-messaging:23.2.1] AndroidManifest.xml:26:5-82
117-->[com.google.firebase:firebase-messaging:23.2.1] AndroidManifest.xml:26:22-79
118    <uses-permission android:name="com.google.android.gms.permission.AD_ID" />
118-->[com.google.android.gms:play-services-measurement-api:21.3.0] AndroidManifest.xml:25:5-79
118-->[com.google.android.gms:play-services-measurement-api:21.3.0] AndroidManifest.xml:25:22-76
119    <uses-permission android:name="com.google.android.finsky.permission.BIND_GET_INSTALL_REFERRER_SERVICE" />
119-->[com.google.android.gms:play-services-measurement:21.3.0] AndroidManifest.xml:26:5-110
119-->[com.google.android.gms:play-services-measurement:21.3.0] AndroidManifest.xml:26:22-107
120
121    <permission
121-->[androidx.core:core:1.10.1] AndroidManifest.xml:22:5-24:47
122        android:name="com.vernost.BounzAppUAT.DYNAMIC_RECEIVER_NOT_EXPORTED_PERMISSION"
122-->[androidx.core:core:1.10.1] AndroidManifest.xml:23:9-81
123        android:protectionLevel="signature" />
123-->[androidx.core:core:1.10.1] AndroidManifest.xml:24:9-44
124
125    <uses-permission android:name="com.vernost.BounzAppUAT.DYNAMIC_RECEIVER_NOT_EXPORTED_PERMISSION" />
125-->[androidx.core:core:1.10.1] AndroidManifest.xml:26:5-97
125-->[androidx.core:core:1.10.1] AndroidManifest.xml:26:22-94
126
127    <application
127-->src/main/AndroidManifest.xml:100:5-155:19
128        android:name="com.vernost.BounzAppUAT.BounzApplication"
128-->src/main/AndroidManifest.xml:100:104-159
129        android:appComponentFactory="androidx.core.app.CoreComponentFactory"
129-->[androidx.core:core:1.10.1] AndroidManifest.xml:28:18-86
130        android:dataExtractionRules="@xml/data_extraction_rules"
130-->[com.spikeapi.sdk:spike-sdk:2.3.2] AndroidManifest.xml:10:9-65
131        android:exported="true"
131-->src/main/AndroidManifest.xml:100:54-77
132        android:extractNativeLibs="false"
133        android:fullBackupContent="@xml/backup_rules"
133-->[com.spikeapi.sdk:spike-sdk:2.3.2] AndroidManifest.xml:11:9-54
134        android:icon="@mipmap/ic_launcher"
134-->src/main/AndroidManifest.xml:100:160-194
135        android:label="Bounz UAT"
135-->src/main/AndroidManifest.xml:100:78-103
136        android:supportsRtl="true"
136-->[com.spikeapi.sdk:spike-sdk:2.3.2] AndroidManifest.xml:13:9-35
137        android:usesCleartextTraffic="true" >
137-->src/main/AndroidManifest.xml:100:18-53
138        <activity
138-->src/main/AndroidManifest.xml:101:9-162
139            android:name="com.yalantis.ucrop.UCropActivity"
139-->src/main/AndroidManifest.xml:101:19-66
140            android:screenOrientation="portrait"
140-->src/main/AndroidManifest.xml:101:67-103
141            android:theme="@style/Theme.AppCompat.Light.NoActionBar" />
141-->src/main/AndroidManifest.xml:101:104-160
142        <activity
142-->src/main/AndroidManifest.xml:102:9-138:20
143            android:name="com.vernost.BounzAppUAT.MainActivity"
143-->src/main/AndroidManifest.xml:102:19-70
144            android:configChanges="orientation|keyboardHidden|keyboard|screenSize|smallestScreenSize|locale|layoutDirection|fontScale|screenLayout|density|uiMode"
144-->src/main/AndroidManifest.xml:102:130-280
145            android:exported="true"
145-->src/main/AndroidManifest.xml:102:71-94
146            android:hardwareAccelerated="true"
146-->src/main/AndroidManifest.xml:102:281-315
147            android:theme="@style/LaunchTheme"
147-->src/main/AndroidManifest.xml:102:95-129
148            android:windowSoftInputMode="adjustResize" >
148-->src/main/AndroidManifest.xml:102:316-358
149
150            <!--
151                 Specifies an Android theme to apply to this Activity as soon as
152                 the Android process has started. This theme is visible to the user
153                 while the Flutter UI initializes. After that, this theme continues
154                 to determine the Window background behind the Flutter UI.
155            -->
156            <meta-data
156-->src/main/AndroidManifest.xml:107:13-120
157                android:name="io.flutter.embedding.android.NormalTheme"
157-->src/main/AndroidManifest.xml:107:24-79
158                android:resource="@style/NormalTheme" />
158-->src/main/AndroidManifest.xml:107:80-117
159            <meta-data
159-->src/main/AndroidManifest.xml:108:13-138
160                android:name="io.flutter.embedding.android.SplashScreenDrawable"
160-->src/main/AndroidManifest.xml:108:24-88
161                android:resource="@drawable/launch_background" />
161-->src/main/AndroidManifest.xml:108:89-135
162            <meta-data
162-->src/main/AndroidManifest.xml:109:13-105
163                android:name="health_permissions"
163-->src/main/AndroidManifest.xml:109:24-57
164                android:resource="@array/health_permissions" />
164-->src/main/AndroidManifest.xml:109:58-102
165
166            <intent-filter>
166-->src/main/AndroidManifest.xml:110:13-112:29
167                <action android:name="androidx.health.ACTION_SHOW_PERMISSIONS_RATIONALE" />
167-->src/main/AndroidManifest.xml:111:17-92
167-->src/main/AndroidManifest.xml:111:25-89
168            </intent-filter>
169            <intent-filter>
169-->src/main/AndroidManifest.xml:113:13-115:29
170                <action android:name="androidx.health.ACTION_HEALTH_CONNECT_SETTINGS" />
170-->src/main/AndroidManifest.xml:114:17-89
170-->src/main/AndroidManifest.xml:114:25-86
171            </intent-filter>
172            <intent-filter>
172-->src/main/AndroidManifest.xml:116:13-119:29
173                <action android:name="android.intent.action.MAIN" />
173-->src/main/AndroidManifest.xml:117:17-68
173-->src/main/AndroidManifest.xml:117:25-66
174
175                <category android:name="android.intent.category.LAUNCHER" />
175-->src/main/AndroidManifest.xml:118:17-76
175-->src/main/AndroidManifest.xml:118:27-74
176            </intent-filter>
177            <intent-filter>
177-->src/main/AndroidManifest.xml:120:13-123:29
178                <action android:name="FLUTTER_NOTIFICATION_CLICK" />
178-->src/main/AndroidManifest.xml:121:17-69
178-->src/main/AndroidManifest.xml:121:25-66
179
180                <category android:name="android.intent.category.DEFAULT" />
180-->src/main/AndroidManifest.xml:122:17-76
180-->src/main/AndroidManifest.xml:122:27-73
181            </intent-filter>
182            <intent-filter>
182-->src/main/AndroidManifest.xml:116:13-119:29
183                <action android:name="android.intent.action.MAIN" />
183-->src/main/AndroidManifest.xml:117:17-68
183-->src/main/AndroidManifest.xml:117:25-66
184
185                <category android:name="android.intent.category.LAUNCHER" />
185-->src/main/AndroidManifest.xml:118:17-76
185-->src/main/AndroidManifest.xml:118:27-74
186            </intent-filter>
187            <intent-filter android:autoVerify="true" >
187-->src/main/AndroidManifest.xml:129:13-137:29
187-->src/main/AndroidManifest.xml:129:28-53
188                <action android:name="android.intent.action.VIEW" />
188-->src/main/AndroidManifest.xml:130:17-68
188-->src/main/AndroidManifest.xml:130:25-66
189
190                <category android:name="android.intent.category.DEFAULT" />
190-->src/main/AndroidManifest.xml:122:17-76
190-->src/main/AndroidManifest.xml:122:27-73
191                <category android:name="android.intent.category.BROWSABLE" />
191-->src/main/AndroidManifest.xml:132:17-77
191-->src/main/AndroidManifest.xml:132:27-75
192
193                <data android:scheme="http" />
193-->src/main/AndroidManifest.xml:133:17-47
193-->src/main/AndroidManifest.xml:133:23-44
194                <data android:scheme="https" />
194-->src/main/AndroidManifest.xml:133:17-47
194-->src/main/AndroidManifest.xml:133:23-44
195                <data android:scheme="geo" />
195-->src/main/AndroidManifest.xml:133:17-47
195-->src/main/AndroidManifest.xml:133:23-44
196                <data android:host="www.bounz.com" />
196-->src/main/AndroidManifest.xml:133:17-47
196-->src/main/AndroidManifest.xml:136:23-51
197            </intent-filter>
198        </activity>
199
200        <service
200-->src/main/AndroidManifest.xml:139:9-143:19
201            android:name="com.moengage.firebase.MoEFireBaseMessagingService"
201-->src/main/AndroidManifest.xml:139:18-82
202            android:exported="false" >
202-->src/main/AndroidManifest.xml:139:83-107
203            <intent-filter>
203-->src/main/AndroidManifest.xml:140:13-142:29
204                <action android:name="com.google.firebase.MESSAGING_EVENT" />
204-->src/main/AndroidManifest.xml:141:17-78
204-->src/main/AndroidManifest.xml:141:25-75
205            </intent-filter>
206        </service>
207
208        <activity
208-->src/main/AndroidManifest.xml:144:9-145:81
209            android:name="com.facebook.FacebookActivity"
209-->src/main/AndroidManifest.xml:144:19-63
210            android:configChanges="keyboard|keyboardHidden|screenLayout|screenSize|orientation"
210-->src/main/AndroidManifest.xml:144:64-164
211            android:theme="@style/com_facebook_activity_theme" />
211-->[com.facebook.android:facebook-common:16.2.0] AndroidManifest.xml:25:13-63
212        <activity
212-->src/main/AndroidManifest.xml:146:9-153:20
213            android:name="com.facebook.CustomTabActivity"
213-->src/main/AndroidManifest.xml:146:19-64
214            android:exported="true" >
214-->src/main/AndroidManifest.xml:146:65-88
215            <intent-filter>
215-->src/main/AndroidManifest.xml:147:13-152:29
216                <action android:name="android.intent.action.VIEW" />
216-->src/main/AndroidManifest.xml:130:17-68
216-->src/main/AndroidManifest.xml:130:25-66
217
218                <category android:name="android.intent.category.DEFAULT" />
218-->src/main/AndroidManifest.xml:122:17-76
218-->src/main/AndroidManifest.xml:122:27-73
219                <category android:name="android.intent.category.BROWSABLE" />
219-->src/main/AndroidManifest.xml:132:17-77
219-->src/main/AndroidManifest.xml:132:27-75
220
221                <data android:scheme="@string/fb_login_protocol_scheme" />
221-->src/main/AndroidManifest.xml:133:17-47
221-->src/main/AndroidManifest.xml:133:23-44
222            </intent-filter>
223            <intent-filter>
223-->[com.facebook.android:facebook-common:16.2.0] AndroidManifest.xml:31:13-40:29
224                <action android:name="android.intent.action.VIEW" />
224-->src/main/AndroidManifest.xml:130:17-68
224-->src/main/AndroidManifest.xml:130:25-66
225
226                <category android:name="android.intent.category.DEFAULT" />
226-->src/main/AndroidManifest.xml:122:17-76
226-->src/main/AndroidManifest.xml:122:27-73
227                <category android:name="android.intent.category.BROWSABLE" />
227-->src/main/AndroidManifest.xml:132:17-77
227-->src/main/AndroidManifest.xml:132:27-75
228
229                <data
229-->src/main/AndroidManifest.xml:133:17-47
230                    android:host="cct.com.vernost.BounzAppUAT"
230-->src/main/AndroidManifest.xml:136:23-51
231                    android:scheme="fbconnect" />
231-->src/main/AndroidManifest.xml:133:23-44
232            </intent-filter>
233        </activity>
234
235        <meta-data
235-->src/main/AndroidManifest.xml:154:9-72
236            android:name="flutterEmbedding"
236-->src/main/AndroidManifest.xml:154:20-51
237            android:value="2" />
237-->src/main/AndroidManifest.xml:154:52-69
238
239        <service
239-->[:firebase_messaging] AndroidManifest.xml:16:9-19:72
240            android:name="io.flutter.plugins.firebase.messaging.FlutterFirebaseMessagingBackgroundService"
240-->[:firebase_messaging] AndroidManifest.xml:17:13-107
241            android:exported="false"
241-->[:firebase_messaging] AndroidManifest.xml:18:13-37
242            android:permission="android.permission.BIND_JOB_SERVICE" />
242-->[:firebase_messaging] AndroidManifest.xml:19:13-69
243        <service
243-->[:firebase_messaging] AndroidManifest.xml:20:9-26:19
244            android:name="io.flutter.plugins.firebase.messaging.FlutterFirebaseMessagingService"
244-->[:firebase_messaging] AndroidManifest.xml:21:13-97
245            android:exported="false" >
245-->[:firebase_messaging] AndroidManifest.xml:22:13-37
246            <intent-filter>
246-->src/main/AndroidManifest.xml:140:13-142:29
247                <action android:name="com.google.firebase.MESSAGING_EVENT" />
247-->src/main/AndroidManifest.xml:141:17-78
247-->src/main/AndroidManifest.xml:141:25-75
248            </intent-filter>
249        </service>
250
251        <receiver
251-->[:firebase_messaging] AndroidManifest.xml:28:9-35:20
252            android:name="io.flutter.plugins.firebase.messaging.FlutterFirebaseMessagingReceiver"
252-->[:firebase_messaging] AndroidManifest.xml:29:13-98
253            android:exported="true"
253-->[:firebase_messaging] AndroidManifest.xml:30:13-36
254            android:permission="com.google.android.c2dm.permission.SEND" >
254-->[:firebase_messaging] AndroidManifest.xml:31:13-73
255            <intent-filter>
255-->[:firebase_messaging] AndroidManifest.xml:32:13-34:29
256                <action android:name="com.google.android.c2dm.intent.RECEIVE" />
256-->[:firebase_messaging] AndroidManifest.xml:33:17-81
256-->[:firebase_messaging] AndroidManifest.xml:33:25-78
257            </intent-filter>
258        </receiver>
259
260        <service
260-->[:firebase_messaging] AndroidManifest.xml:37:9-41:19
261            android:name="com.google.firebase.components.ComponentDiscoveryService"
261-->[:firebase_messaging] AndroidManifest.xml:37:18-89
262            android:directBootAware="true"
262-->[com.google.firebase:firebase-common:20.3.3] AndroidManifest.xml:34:13-43